<?xml version="1.0" encoding="UTF-8"?>
<!-- Generated by org.testng.reporters.JUnitXMLReporter -->
<testsuite hostname="LAPTOP-BN5MKFR4" ignored="0" name="Default test" tests="9" failures="0" timestamp="2022-10-18T12:48:24 IST" time="481.317" errors="0">
  <testcase name="loadTime" time="72.57" classname="com.test.flipkart"/>
  <testcase name="search" time="67.352" classname="com.test.flipkart"/>
  <testcase name="scroll" time="4.837" classname="com.test.flipkart"/>
  <testcase name="contentRefresh" time="11.121" classname="com.test.flipkart"/>
  <testcase name="imageDisplay" time="5.656" classname="com.test.flipkart"/>
  <testcase name="bottomScroll" time="1.829" classname="com.test.flipkart"/>
  <testcase name="imgHeight" time="11.474" classname="com.test.flipkart"/>
  <testcase name="diffBrowChrome" time="2.211" classname="com.test.flipkart"/>
  <testcase name="diffBrowEdge" time="230.386" classname="com.test.flipkart"/>
</testsuite> <!-- Default test -->
