<?xml version="1.0" encoding="UTF-8"?>
<testng-results skipped="0" failed="0" ignored="0" total="9" passed="9">
  <reporter-output>
  </reporter-output>
  <suite name="Default suite" duration-ms="481317" started-at="2022-10-18T12:40:23 IST" finished-at="2022-10-18T12:48:24 IST">
    <groups>
    </groups>
    <test name="Default test" duration-ms="481317" started-at="2022-10-18T12:40:23 IST" finished-at="2022-10-18T12:48:24 IST">
      <class name="com.test.flipkart">
        <test-method status="PASS" signature="beforeClass()[pri:0, instance:com.test.flipkart@4fb64261]" name="beforeClass" is-config="true" duration-ms="70320" started-at="2022-10-18T12:40:23 IST" finished-at="2022-10-18T12:41:33 IST">
          <reporter-output>
          </reporter-output>
        </test-method> <!-- beforeClass -->
        <test-method status="PASS" signature="beforeMethod()[pri:0, instance:com.test.flipkart@4fb64261]" name="beforeMethod" is-config="true" duration-ms="978" started-at="2022-10-18T12:41:33 IST" finished-at="2022-10-18T12:41:34 IST">
          <reporter-output>
          </reporter-output>
        </test-method> <!-- beforeMethod -->
        <test-method status="PASS" signature="loadTime()[pri:1, instance:com.test.flipkart@4fb64261]" name="loadTime" duration-ms="72570" started-at="2022-10-18T12:41:34 IST" finished-at="2022-10-18T12:42:47 IST">
          <reporter-output>
          </reporter-output>
        </test-method> <!-- loadTime -->
        <test-method status="PASS" signature="afterMethod()[pri:0, instance:com.test.flipkart@4fb64261]" name="afterMethod" is-config="true" duration-ms="2" started-at="2022-10-18T12:42:47 IST" finished-at="2022-10-18T12:42:47 IST">
          <reporter-output>
          </reporter-output>
        </test-method> <!-- afterMethod -->
        <test-method status="PASS" signature="beforeMethod()[pri:0, instance:com.test.flipkart@4fb64261]" name="beforeMethod" is-config="true" duration-ms="8" started-at="2022-10-18T12:42:47 IST" finished-at="2022-10-18T12:42:47 IST">
          <reporter-output>
          </reporter-output>
        </test-method> <!-- beforeMethod -->
        <test-method status="PASS" signature="search()[pri:2, instance:com.test.flipkart@4fb64261]" name="search" duration-ms="67352" started-at="2022-10-18T12:42:47 IST" finished-at="2022-10-18T12:43:54 IST">
          <reporter-output>
          </reporter-output>
        </test-method> <!-- search -->
        <test-method status="PASS" signature="afterMethod()[pri:0, instance:com.test.flipkart@4fb64261]" name="afterMethod" is-config="true" duration-ms="1" started-at="2022-10-18T12:43:54 IST" finished-at="2022-10-18T12:43:54 IST">
          <reporter-output>
          </reporter-output>
        </test-method> <!-- afterMethod -->
        <test-method status="PASS" signature="beforeMethod()[pri:0, instance:com.test.flipkart@4fb64261]" name="beforeMethod" is-config="true" duration-ms="402" started-at="2022-10-18T12:43:54 IST" finished-at="2022-10-18T12:43:55 IST">
          <reporter-output>
          </reporter-output>
        </test-method> <!-- beforeMethod -->
        <test-method status="PASS" signature="scroll()[pri:3, instance:com.test.flipkart@4fb64261]" name="scroll" duration-ms="4837" started-at="2022-10-18T12:43:55 IST" finished-at="2022-10-18T12:44:00 IST">
          <reporter-output>
          </reporter-output>
        </test-method> <!-- scroll -->
        <test-method status="PASS" signature="afterMethod()[pri:0, instance:com.test.flipkart@4fb64261]" name="afterMethod" is-config="true" duration-ms="0" started-at="2022-10-18T12:44:00 IST" finished-at="2022-10-18T12:44:00 IST">
          <reporter-output>
          </reporter-output>
        </test-method> <!-- afterMethod -->
        <test-method status="PASS" signature="beforeMethod()[pri:0, instance:com.test.flipkart@4fb64261]" name="beforeMethod" is-config="true" duration-ms="11" started-at="2022-10-18T12:44:00 IST" finished-at="2022-10-18T12:44:00 IST">
          <reporter-output>
          </reporter-output>
        </test-method> <!-- beforeMethod -->
        <test-method status="PASS" signature="contentRefresh()[pri:4, instance:com.test.flipkart@4fb64261]" name="contentRefresh" duration-ms="11121" started-at="2022-10-18T12:44:00 IST" finished-at="2022-10-18T12:44:11 IST">
          <reporter-output>
          </reporter-output>
        </test-method> <!-- contentRefresh -->
        <test-method status="PASS" signature="afterMethod()[pri:0, instance:com.test.flipkart@4fb64261]" name="afterMethod" is-config="true" duration-ms="0" started-at="2022-10-18T12:44:11 IST" finished-at="2022-10-18T12:44:11 IST">
          <reporter-output>
          </reporter-output>
        </test-method> <!-- afterMethod -->
        <test-method status="PASS" signature="beforeMethod()[pri:0, instance:com.test.flipkart@4fb64261]" name="beforeMethod" is-config="true" duration-ms="1367" started-at="2022-10-18T12:44:11 IST" finished-at="2022-10-18T12:44:12 IST">
          <reporter-output>
          </reporter-output>
        </test-method> <!-- beforeMethod -->
        <test-method status="PASS" signature="imageDisplay()[pri:5, instance:com.test.flipkart@4fb64261]" name="imageDisplay" duration-ms="5656" started-at="2022-10-18T12:44:12 IST" finished-at="2022-10-18T12:44:18 IST">
          <reporter-output>
          </reporter-output>
        </test-method> <!-- imageDisplay -->
        <test-method status="PASS" signature="afterMethod()[pri:0, instance:com.test.flipkart@4fb64261]" name="afterMethod" is-config="true" duration-ms="1" started-at="2022-10-18T12:44:18 IST" finished-at="2022-10-18T12:44:18 IST">
          <reporter-output>
          </reporter-output>
        </test-method> <!-- afterMethod -->
        <test-method status="PASS" signature="beforeMethod()[pri:0, instance:com.test.flipkart@4fb64261]" name="beforeMethod" is-config="true" duration-ms="9" started-at="2022-10-18T12:44:18 IST" finished-at="2022-10-18T12:44:18 IST">
          <reporter-output>
          </reporter-output>
        </test-method> <!-- beforeMethod -->
        <test-method status="PASS" signature="bottomScroll()[pri:6, instance:com.test.flipkart@4fb64261]" name="bottomScroll" duration-ms="1829" started-at="2022-10-18T12:44:18 IST" finished-at="2022-10-18T12:44:20 IST">
          <reporter-output>
          </reporter-output>
        </test-method> <!-- bottomScroll -->
        <test-method status="PASS" signature="afterMethod()[pri:0, instance:com.test.flipkart@4fb64261]" name="afterMethod" is-config="true" duration-ms="1" started-at="2022-10-18T12:44:20 IST" finished-at="2022-10-18T12:44:20 IST">
          <reporter-output>
          </reporter-output>
        </test-method> <!-- afterMethod -->
        <test-method status="PASS" signature="beforeMethod()[pri:0, instance:com.test.flipkart@4fb64261]" name="beforeMethod" is-config="true" duration-ms="12" started-at="2022-10-18T12:44:20 IST" finished-at="2022-10-18T12:44:20 IST">
          <reporter-output>
          </reporter-output>
        </test-method> <!-- beforeMethod -->
        <test-method status="PASS" signature="imgHeight()[pri:7, instance:com.test.flipkart@4fb64261]" name="imgHeight" duration-ms="11474" started-at="2022-10-18T12:44:20 IST" finished-at="2022-10-18T12:44:31 IST">
          <reporter-output>
          </reporter-output>
        </test-method> <!-- imgHeight -->
        <test-method status="PASS" signature="afterMethod()[pri:0, instance:com.test.flipkart@4fb64261]" name="afterMethod" is-config="true" duration-ms="0" started-at="2022-10-18T12:44:31 IST" finished-at="2022-10-18T12:44:31 IST">
          <reporter-output>
          </reporter-output>
        </test-method> <!-- afterMethod -->
        <test-method status="PASS" signature="beforeMethod()[pri:0, instance:com.test.flipkart@4fb64261]" name="beforeMethod" is-config="true" duration-ms="14" started-at="2022-10-18T12:44:31 IST" finished-at="2022-10-18T12:44:31 IST">
          <reporter-output>
          </reporter-output>
        </test-method> <!-- beforeMethod -->
        <test-method status="PASS" signature="diffBrowChrome()[pri:8, instance:com.test.flipkart@4fb64261]" name="diffBrowChrome" duration-ms="2211" started-at="2022-10-18T12:44:31 IST" finished-at="2022-10-18T12:44:33 IST">
          <reporter-output>
          </reporter-output>
        </test-method> <!-- diffBrowChrome -->
        <test-method status="PASS" signature="afterMethod()[pri:0, instance:com.test.flipkart@4fb64261]" name="afterMethod" is-config="true" duration-ms="1" started-at="2022-10-18T12:44:33 IST" finished-at="2022-10-18T12:44:33 IST">
          <reporter-output>
          </reporter-output>
        </test-method> <!-- afterMethod -->
        <test-method status="PASS" signature="beforeMethod()[pri:0, instance:com.test.flipkart@4fb64261]" name="beforeMethod" is-config="true" duration-ms="147" started-at="2022-10-18T12:44:33 IST" finished-at="2022-10-18T12:44:33 IST">
          <reporter-output>
          </reporter-output>
        </test-method> <!-- beforeMethod -->
        <test-method status="PASS" signature="diffBrowEdge()[pri:9, instance:com.test.flipkart@4fb64261]" name="diffBrowEdge" duration-ms="230386" started-at="2022-10-18T12:44:33 IST" finished-at="2022-10-18T12:48:24 IST">
          <reporter-output>
          </reporter-output>
        </test-method> <!-- diffBrowEdge -->
        <test-method status="PASS" signature="afterMethod()[pri:0, instance:com.test.flipkart@4fb64261]" name="afterMethod" is-config="true" duration-ms="1" started-at="2022-10-18T12:48:24 IST" finished-at="2022-10-18T12:48:24 IST">
          <reporter-output>
          </reporter-output>
        </test-method> <!-- afterMethod -->
        <test-method status="PASS" signature="afterClass()[pri:0, instance:com.test.flipkart@4fb64261]" name="afterClass" is-config="true" duration-ms="0" started-at="2022-10-18T12:48:24 IST" finished-at="2022-10-18T12:48:24 IST">
          <reporter-output>
          </reporter-output>
        </test-method> <!-- afterClass -->
      </class> <!-- com.test.flipkart -->
    </test> <!-- Default test -->
  </suite> <!-- Default suite -->
</testng-results>
